#
# There is insufficient memory for the Java Runtime Environment to continue.
# Native memory allocation (mmap) failed to map 1048576 bytes for G1 virtual space
# Possible reasons:
#   The system is out of physical RAM or swap space
#   The process is running with CompressedOops enabled, and the Java Heap may be blocking the growth of the native heap
# Possible solutions:
#   Reduce memory load on the system
#   Increase physical memory or swap space
#   Check if swap backing store is full
#   Decrease Java heap size (-Xmx/-Xms)
#   Decrease number of Java threads
#   Decrease Java thread stack sizes (-Xss)
#   Set larger code cache with -XX:ReservedCodeCacheSize=
#   JVM is running with Unscaled Compressed Oops mode in which the Java heap is
#     placed in the first 4GB address space. The Java Heap base address is the
#     maximum limit for the native heap growth. Please use -XX:HeapBaseMinAddress
#     to set the Java Heap base and to place the Java Heap above 4GB virtual address.
# This output file may be truncated or incomplete.
#
#  Out of Memory Error (./open/src/hotspot/os/windows/os_windows.cpp:3321), pid=576, tid=2616
#
# JRE version: Java(TM) SE Runtime Environment (15.0.2+7) (build 15.0.2+7-27)
# Java VM: Java HotSpot(TM) 64-Bit Server VM (15.0.2+7-27, mixed mode, sharing, tiered, compressed oops, g1 gc, windows-amd64)
# No core dump will be written. Minidumps are not enabled by default on client versions of Windows
#

---------------  S U M M A R Y ------------

Command Line: -ea -Dfile.encoding=MS949 -XX:+ShowCodeDetailsInExceptionMessages org.eclipse.jdt.internal.junit.runner.RemoteTestRunner -version 3 -port 63834 -testLoaderClass org.eclipse.jdt.internal.junit4.runner.JUnit4TestLoader -loaderpluginname org.eclipse.jdt.junit4.runtime -classNames com.dosirak31.login.client.dao.test

Host: Intel(R) Core(TM) i5-8265U CPU @ 1.60GHz, 8 cores, 7G,  Windows 10 , 64 bit Build 19041 (10.0.19041.1806)
Time: Mon Aug  8 14:32:19 2022 대한민국 표준시 elapsed time: 3.998868 seconds (0d 0h 0m 3s)

---------------  T H R E A D  ---------------

Current thread (0x0000020c39d7b590):  GCTaskThread "GC Thread#0" [stack: 0x000000d8df700000,0x000000d8df800000] [id=2616]

Stack: [0x000000d8df700000,0x000000d8df800000]
[error occurred during error reporting (printing stack bounds), id 0xc0000005, EXCEPTION_ACCESS_VIOLATION (0xc0000005) at pc=0x0000020c437410ad]

Native frames: (J=compiled Java code, j=interpreted, Vv=VM code, C=native code)
V  [jvm.dll+0x62ae9a]
V  [jvm.dll+0x7817a9]
V  [jvm.dll+0x782f03]
V  [jvm.dll+0x7834c5]
V  [jvm.dll+0x78347b]
V  [jvm.dll+0x62a2b9]
V  [jvm.dll+0x62aa88]
C  [ntdll.dll+0xa229f]
C  [ntdll.dll+0x51454]
C  [ntdll.dll+0xa0dce]
C  0x0000020c437410ad

JavaThread 0x0000020c39d3ce40 (nid = 17268) was being processed
Java frames: (J=compiled Java code, j=interpreted, Vv=VM code)
j  com.sun.org.apache.xpath.internal.VariableStack.<init>()V+18 java.xml@15.0.2
j  com.sun.org.apache.xpath.internal.XPathContext.<init>(Z)V+64 java.xml@15.0.2
j  com.sun.org.apache.xpath.internal.XPathContext.<init>()V+2 java.xml@15.0.2
j  com.sun.org.apache.xpath.internal.jaxp.XPathImplUtil.eval(Ljava/lang/Object;Lcom/sun/org/apache/xpath/internal/XPath;)Lcom/sun/org/apache/xpath/internal/objects/XObject;+76 java.xml@15.0.2
j  com.sun.org.apache.xpath.internal.jaxp.XPathImpl.eval(Ljava/lang/String;Ljava/lang/Object;)Lcom/sun/org/apache/xpath/internal/objects/XObject;+25 java.xml@15.0.2
j  com.sun.org.apache.xpath.internal.jaxp.XPathImpl.evaluate(Ljava/lang/String;Ljava/lang/Object;Ljavax/xml/namespace/QName;)Ljava/lang/Object;+15 java.xml@15.0.2
j  org.apache.ibatis.parsing.XPathParser.evaluate(Ljava/lang/String;Ljava/lang/Object;Ljavax/xml/namespace/QName;)Ljava/lang/Object;+7
j  org.apache.ibatis.parsing.XPathParser.evalNodes(Ljava/lang/Object;Ljava/lang/String;)Ljava/util/List;+14
j  org.apache.ibatis.parsing.XNode.evalNodes(Ljava/lang/String;)Ljava/util/List;+9
j  org.apache.ibatis.builder.xml.XMLStatementBuilder.processSelectKeyNodes(Ljava/lang/String;Ljava/lang/Class;Lorg/apache/ibatis/scripting/LanguageDriver;)V+7
j  org.apache.ibatis.builder.xml.XMLStatementBuilder.parseStatementNode()V+211
j  org.apache.ibatis.builder.xml.XMLMapperBuilder.buildStatementFromContext(Ljava/util/List;Ljava/lang/String;)V+49
j  org.apache.ibatis.builder.xml.XMLMapperBuilder.buildStatementFromContext(Ljava/util/List;)V+25
j  org.apache.ibatis.builder.xml.XMLMapperBuilder.configurationElement(Lorg/apache/ibatis/parsing/XNode;)V+93
j  org.apache.ibatis.builder.xml.XMLMapperBuilder.parse()V+24
j  org.mybatis.spring.SqlSessionFactoryBean.buildSqlSessionFactory()Lorg/apache/ibatis/session/SqlSessionFactory;+751
j  org.mybatis.spring.SqlSessionFactoryBean.afterPropertiesSet()V+58
j  org.springframework.beans.factory.support.AbstractAutowireCapableBeanFactory.invokeInitMethods(Ljava/lang/String;Ljava/lang/Object;Lorg/springframework/beans/factory/support/RootBeanDefinition;)V+106
j  org.springframework.beans.factory.support.AbstractAutowireCapableBeanFactory.initializeBean(Ljava/lang/String;Ljava/lang/Object;Lorg/springframework/beans/factory/support/RootBeanDefinition;)Ljava/lang/Object;+59
j  org.springframework.beans.factory.support.AbstractAutowireCapableBeanFactory.doCreateBean(Ljava/lang/String;Lorg/springframework/beans/factory/support/RootBeanDefinition;[Ljava/lang/Object;)Ljava/lang/Object;+245
j  org.springframework.beans.factory.support.AbstractAutowireCapableBeanFactory.createBean(Ljava/lang/String;Lorg/springframework/beans/factory/support/RootBeanDefinition;[Ljava/lang/Object;)Ljava/lang/Object;+169
j  org.springframework.beans.factory.support.AbstractBeanFactory.lambda$doGetBean$0(Ljava/lang/String;Lorg/springframework/beans/factory/support/RootBeanDefinition;[Ljava/lang/Object;)Ljava/lang/Object;+4
j  org.springframework.beans.factory.support.AbstractBeanFactory$$Lambda$110+0x0000000800c759f8.getObject()Ljava/lang/Object;+16
j  org.springframework.beans.factory.support.DefaultSingletonBeanRegistry.getSingleton(Ljava/lang/String;Lorg/springframework/beans/factory/ObjectFactory;)Ljava/lang/Object;+132
j  org.springframework.beans.factory.support.AbstractBeanFactory.doGetBean(Ljava/lang/String;Ljava/lang/Class;[Ljava/lang/Object;Z)Ljava/lang/Object;+513
j  org.springframework.beans.factory.support.AbstractBeanFactory.getBean(Ljava/lang/String;)Ljava/lang/Object;+5
j  org.springframework.beans.factory.support.DefaultListableBeanFactory.preInstantiateSingletons()V+137
j  org.springframework.context.support.AbstractApplicationContext.finishBeanFactoryInitialization(Lorg/springframework/beans/factory/config/ConfigurableListableBeanFactory;)V+124
j  org.springframework.context.support.AbstractApplicationContext.refresh()V+86
j  org.springframework.test.context.support.AbstractGenericContextLoader.loadContext(Lorg/springframework/test/context/MergedContextConfiguration;)Lorg/springframework/context/ConfigurableApplicationContext;+97
j  org.springframework.test.context.support.AbstractGenericContextLoader.loadContext(Lorg/springframework/test/context/MergedContextConfiguration;)Lorg/springframework/context/ApplicationContext;+2
j  org.springframework.test.context.support.AbstractDelegatingSmartContextLoader.delegateLoading(Lorg/springframework/test/context/SmartContextLoader;Lorg/springframework/test/context/MergedContextConfiguration;)Lorg/springframework/context/ApplicationContext;+41
j  org.springframework.test.context.support.AbstractDelegatingSmartContextLoader.loadContext(Lorg/springframework/test/context/MergedContextConfiguration;)Lorg/springframework/context/ApplicationContext;+89
j  org.springframework.test.context.cache.DefaultCacheAwareContextLoaderDelegate.loadContextInternal(Lorg/springframework/test/context/MergedContextConfiguration;)Lorg/springframework/context/ApplicationContext;+27
j  org.springframework.test.context.cache.DefaultCacheAwareContextLoaderDelegate.loadContext(Lorg/springframework/test/context/MergedContextConfiguration;)Lorg/springframework/context/ApplicationContext;+24
j  org.springframework.test.context.support.DefaultTestContext.getApplicationContext()Lorg/springframework/context/ApplicationContext;+8
j  org.springframework.test.context.support.DependencyInjectionTestExecutionListener.injectDependencies(Lorg/springframework/test/context/TestContext;)V+15
j  org.springframework.test.context.support.DependencyInjectionTestExecutionListener.prepareTestInstance(Lorg/springframework/test/context/TestContext;)V+45
j  org.springframework.test.context.TestContextManager.prepareTestInstance(Ljava/lang/Object;)V+89
j  org.springframework.test.context.junit4.SpringJUnit4ClassRunner.createTest()Ljava/lang/Object;+10
j  org.springframework.test.context.junit4.SpringJUnit4ClassRunner$1.runReflectiveCall()Ljava/lang/Object;+4
j  org.junit.internal.runners.model.ReflectiveCallable.run()Ljava/lang/Object;+1
j  org.springframework.test.context.junit4.SpringJUnit4ClassRunner.methodBlock(Lorg/junit/runners/model/FrameworkMethod;)Lorg/junit/runners/model/Statement;+8
j  org.springframework.test.context.junit4.SpringJUnit4ClassRunner.runChild(Lorg/junit/runners/model/FrameworkMethod;Lorg/junit/runner/notification/RunNotifier;)V+24
j  org.springframework.test.context.junit4.SpringJUnit4ClassRunner.runChild(Ljava/lang/Object;Lorg/junit/runner/notification/RunNotifier;)V+6
j  org.junit.runners.ParentRunner$4.run()V+12
j  org.junit.runners.ParentRunner$1.schedule(Ljava/lang/Runnable;)V+1
j  org.junit.runners.ParentRunner.runChildren(Lorg/junit/runner/notification/RunNotifier;)V+44
j  org.junit.runners.ParentRunner.access$100(Lorg/junit/runners/ParentRunner;Lorg/junit/runner/notification/RunNotifier;)V+2
j  org.junit.runners.ParentRunner$2.evaluate()V+8
j  org.springframework.test.context.junit4.statements.RunBeforeTestClassCallbacks.evaluate()V+11
j  org.springframework.test.context.junit4.statements.RunAfterTestClassCallbacks.evaluate()V+12
j  org.junit.runners.ParentRunner$3.evaluate()V+4
j  org.junit.runners.ParentRunner.run(Lorg/junit/runner/notification/RunNotifier;)V+24
j  org.springframework.test.context.junit4.SpringJUnit4ClassRunner.run(Lorg/junit/runner/notification/RunNotifier;)V+24
j  org.eclipse.jdt.internal.junit4.runner.JUnit4TestReference.run(Lorg/eclipse/jdt/internal/junit/runner/TestExecution;)V+72
j  org.eclipse.jdt.internal.junit.runner.TestExecution.run([Lorg/eclipse/jdt/internal/junit/runner/ITestReference;)V+27
j  org.eclipse.jdt.internal.junit.runner.RemoteTestRunner.runTests([Ljava/lang/String;Ljava/lang/String;Lorg/eclipse/jdt/internal/junit/runner/TestExecution;)V+62
j  org.eclipse.jdt.internal.junit.runner.RemoteTestRunner.runTests(Lorg/eclipse/jdt/internal/junit/runner/TestExecution;)V+10
j  org.eclipse.jdt.internal.junit.runner.RemoteTestRunner.run()V+70
j  org.eclipse.jdt.internal.junit.runner.RemoteTestRunner.main([Ljava/lang/String;)V+14
v  ~StubRoutines::call_stub

---------------  P R O C E S S  ---------------

Threads class SMR info:
_java_thread_list=0x0000020c5c4023a0, length=17, elements={
0x0000020c39d3ce40, 0x0000020c5a6c9fd0, 0x0000020c5a6caab0, 0x0000020c5a6e9c40,
0x0000020c5a6ed520, 0x0000020c5a6edee0, 0x0000020c5a6f4090, 0x0000020c5a6f4a40,
0x0000020c5a709390, 0x0000020c5b0cf730, 0x0000020c5b0ce2b0, 0x0000020c5b2af170,
0x0000020c5c455ce0, 0x0000020c5c46fd60, 0x0000020c5c46f020, 0x0000020c5be873f0,
0x0000020c5c403470
}

Java Threads: ( => current thread )
  0x0000020c39d3ce40 JavaThread "main" [_thread_blocked, id=17268, stack(0x000000d8df600000,0x000000d8df700000)]
  0x0000020c5a6c9fd0 JavaThread "Reference Handler" daemon [_thread_blocked, id=11468, stack(0x000000d8dfd00000,0x000000d8dfe00000)]
  0x0000020c5a6caab0 JavaThread "Finalizer" daemon [_thread_blocked, id=4664, stack(0x000000d8dfe00000,0x000000d8dff00000)]
  0x0000020c5a6e9c40 JavaThread "Signal Dispatcher" daemon [_thread_blocked, id=10508, stack(0x000000d8dff00000,0x000000d8e0000000)]
  0x0000020c5a6ed520 JavaThread "Attach Listener" daemon [_thread_blocked, id=20048, stack(0x000000d8e0000000,0x000000d8e0100000)]
  0x0000020c5a6edee0 JavaThread "Service Thread" daemon [_thread_blocked, id=20348, stack(0x000000d8e0100000,0x000000d8e0200000)]
  0x0000020c5a6f4090 JavaThread "C2 CompilerThread0" daemon [_thread_blocked, id=15424, stack(0x000000d8e0200000,0x000000d8e0300000)]
  0x0000020c5a6f4a40 JavaThread "C1 CompilerThread0" daemon [_thread_blocked, id=17356, stack(0x000000d8e0300000,0x000000d8e0400000)]
  0x0000020c5a709390 JavaThread "Sweeper thread" daemon [_thread_blocked, id=2704, stack(0x000000d8e0400000,0x000000d8e0500000)]
  0x0000020c5b0cf730 JavaThread "Notification Thread" daemon [_thread_blocked, id=12420, stack(0x000000d8e0500000,0x000000d8e0600000)]
  0x0000020c5b0ce2b0 JavaThread "Common-Cleaner" daemon [_thread_blocked, id=13376, stack(0x000000d8e0700000,0x000000d8e0800000)]
  0x0000020c5b2af170 JavaThread "ReaderThread" [_thread_in_native, id=2452, stack(0x000000d8e0800000,0x000000d8e0900000)]
  0x0000020c5c455ce0 JavaThread "Timer-0" daemon [_thread_blocked, id=5176, stack(0x000000d8e0d00000,0x000000d8e0e00000)]
  0x0000020c5c46fd60 JavaThread "oracle.jdbc.driver.BlockSource.ThreadedCachingBlockSource.BlockReleaser" daemon [_thread_blocked, id=6724, stack(0x000000d8e0e00000,0x000000d8e0f00000)]
  0x0000020c5c46f020 JavaThread "InterruptTimer" daemon [_thread_blocked, id=14512, stack(0x000000d8e0f00000,0x000000d8e1000000)]
  0x0000020c5be873f0 JavaThread "HikariPool-1 housekeeper" daemon [_thread_blocked, id=9620, stack(0x000000d8e1000000,0x000000d8e1100000)]
  0x0000020c5c403470 JavaThread "HikariPool-1 connection adder" daemon [_thread_blocked, id=10844, stack(0x000000d8e1100000,0x000000d8e1200000)]

Other Threads:
  0x0000020c5a6c8840 VMThread "VM Thread" [stack: 0x000000d8dfc00000,0x000000d8dfd00000] [id=10196]
  0x0000020c5b0cdfa0 WatcherThread [stack: 0x000000d8e0600000,0x000000d8e0700000] [id=1400]
=>0x0000020c39d7b590 GCTaskThread "GC Thread#0" [stack: 0x000000d8df700000,0x000000d8df800000] [id=2616]
  0x0000020c5b70f620 GCTaskThread "GC Thread#1" [stack: 0x000000d8e0900000,0x000000d8e0a00000] [id=16004]
  0x0000020c5b70e300 GCTaskThread "GC Thread#2" [stack: 0x000000d8e0a00000,0x000000d8e0b00000] [id=872]
  0x0000020c5b70efc0 GCTaskThread "GC Thread#3" [stack: 0x000000d8e0b00000,0x000000d8e0c00000] [id=18744]
  0x0000020c39d8d8e0 ConcurrentGCThread "G1 Main Marker" [stack: 0x000000d8df800000,0x000000d8df900000] [id=3444]
  0x0000020c39d8e460 ConcurrentGCThread "G1 Conc#0" [stack: 0x000000d8df900000,0x000000d8dfa00000] [id=6444]
  0x0000020c5b70cfe0 ConcurrentGCThread "G1 Conc#1" [stack: 0x000000d8e1200000,0x000000d8e1300000] [id=17884]
  0x0000020c5a540090 ConcurrentGCThread "G1 Refine#0" [stack: 0x000000d8dfa00000,0x000000d8dfb00000] [id=10024]
  0x0000020c5b853e70 ConcurrentGCThread "G1 Refine#1" [stack: 0x000000d8e0c00000,0x000000d8e0d00000] [id=9860]
  0x0000020c5a540c20 ConcurrentGCThread "G1 Young RemSet Sampling" [stack: 0x000000d8dfb00000,0x000000d8dfc00000] [id=9488]

Threads with active compile tasks:
C2 CompilerThread0     4055 2253       4       com.sun.org.apache.xerces.internal.impl.dtd.DTDGrammar::getFirstAttributeDeclIndex (20 bytes)
C1 CompilerThread0     4055 2406       1       com.sun.org.apache.xpath.internal.axes.LocPathIterator::setIsTopLevel (6 bytes)

VM state: at safepoint (normal execution)

VM Mutex/Monitor currently owned by a thread:  ([mutex/lock_event])
[0x0000020c39d36560] FreeList_lock - owner thread: 0x0000020c39d7b590
[0x0000020c39d394b0] Threads_lock - owner thread: 0x0000020c5a6c8840
[0x0000020c39d37ad0] Heap_lock - owner thread: 0x0000020c39d3ce40

Heap address: 0x0000000083200000, size: 1998 MB, Compressed Oops mode: 32-bit
CDS archive(s) mapped at: [0x0000000800000000-0x0000000800b50000-0x0000000800b50000), size 11862016, SharedBaseAddress: 0x0000000800000000, ArchiveRelocationMode: 0.
Compressed class space mapped at: 0x0000000800b50000-0x0000000840b50000, size: 1073741824
Narrow klass base: 0x0000000800000000, Narrow klass shift: 3, Narrow klass range: 0x100000000

GC Precious Log:
 CPUs: 8 total, 8 available
 Memory: 7986M
 Large Page Support: Disabled
 NUMA Support: Disabled
 Compressed Oops: Enabled (32-bit)
 Heap Region Size: 1M
 Heap Min Capacity: 8M
 Heap Initial Capacity: 126M
 Heap Max Capacity: 1998M
 Pre-touch: Disabled
 Parallel Workers: 8
 Concurrent Workers: 2
 Concurrent Refinement Workers: 8
 Periodic GC: Disabled

Heap:
 garbage-first heap   total 46080K, used 44388K [0x0000000083200000, 0x0000000100000000)
  region size 1024K, 35 young (35840K), 0 survivors (0K)
 Metaspace       used 21989K, capacity 22248K, committed 22448K, reserved 1069056K
  class space    used 2481K, capacity 2529K, committed 2560K, reserved 1048576K

Heap Regions: E=young(eden), S=young(survivor), O=old, HS=humongous(starts), HC=humongous(continues), CS=collection set, F=free, OA=open archive, CA=closed archive, TAMS=top-at-mark-start (previous, next)
|   0|0x0000000083200000, 0x0000000083300000, 0x0000000083300000|100%| O|  |TAMS 0x0000000083300000, 0x0000000083200000| Untracked 
|   1|0x0000000083300000, 0x0000000083400000, 0x0000000083400000|100%| O|  |TAMS 0x0000000083400000, 0x0000000083300000| Untracked 
|   2|0x0000000083400000, 0x0000000083500000, 0x0000000083500000|100%| O|  |TAMS 0x0000000083500000, 0x0000000083400000| Untracked 
|   3|0x0000000083500000, 0x0000000083600000, 0x0000000083600000|100%| O|  |TAMS 0x0000000083600000, 0x0000000083500000| Untracked 
|   4|0x0000000083600000, 0x0000000083700000, 0x0000000083700000|100%| O|  |TAMS 0x0000000083700000, 0x0000000083600000| Untracked 
|   5|0x0000000083700000, 0x0000000083800000, 0x0000000083800000|100%| E|CS|TAMS 0x0000000083700000, 0x0000000083700000| Complete 
|   6|0x0000000083800000, 0x0000000083900000, 0x0000000083900000|100%| E|CS|TAMS 0x0000000083800000, 0x0000000083800000| Complete 
|   7|0x0000000083900000, 0x0000000083a00000, 0x0000000083a00000|100%| E|CS|TAMS 0x0000000083900000, 0x0000000083900000| Complete 
|   8|0x0000000083a00000, 0x0000000083b00000, 0x0000000083b00000|100%| E|CS|TAMS 0x0000000083a00000, 0x0000000083a00000| Complete 
|   9|0x0000000083b00000, 0x0000000083c00000, 0x0000000083c00000|100%| E|CS|TAMS 0x0000000083b00000, 0x0000000083b00000| Complete 
|  10|0x0000000083c00000, 0x0000000083d00000, 0x0000000083d00000|100%| E|CS|TAMS 0x0000000083c00000, 0x0000000083c00000| Complete 
|  11|0x0000000083d00000, 0x0000000083e00000, 0x0000000083e00000|100%| E|CS|TAMS 0x0000000083d00000, 0x0000000083d00000| Complete 
|  12|0x0000000083e00000, 0x0000000083f00000, 0x0000000083f00000|100%| E|CS|TAMS 0x0000000083e00000, 0x0000000083e00000| Complete 
|  13|0x0000000083f00000, 0x0000000084000000, 0x0000000084000000|100%| E|CS|TAMS 0x0000000083f00000, 0x0000000083f00000| Complete 
|  14|0x0000000084000000, 0x0000000084100000, 0x0000000084100000|100%| E|CS|TAMS 0x0000000084000000, 0x0000000084000000| Complete 
|  15|0x0000000084100000, 0x0000000084200000, 0x0000000084200000|100%| E|CS|TAMS 0x0000000084100000, 0x0000000084100000| Complete 
|  16|0x0000000084200000, 0x0000000084300000, 0x0000000084300000|100%| E|CS|TAMS 0x0000000084200000, 0x0000000084200000| Complete 
|  17|0x0000000084300000, 0x0000000084400000, 0x0000000084400000|100%| E|CS|TAMS 0x0000000084300000, 0x0000000084300000| Complete 
|  18|0x0000000084400000, 0x0000000084500000, 0x0000000084500000|100%| E|CS|TAMS 0x0000000084400000, 0x0000000084400000| Complete 
|  19|0x0000000084500000, 0x0000000084600000, 0x0000000084600000|100%| E|CS|TAMS 0x0000000084500000, 0x0000000084500000| Complete 
|  20|0x0000000084600000, 0x0000000084700000, 0x0000000084700000|100%| E|CS|TAMS 0x0000000084600000, 0x0000000084600000| Complete 
|  21|0x0000000084700000, 0x0000000084800000, 0x0000000084800000|100%| E|CS|TAMS 0x0000000084700000, 0x0000000084700000| Complete 
|  22|0x0000000084800000, 0x0000000084900000, 0x0000000084900000|100%| E|CS|TAMS 0x0000000084800000, 0x0000000084800000| Complete 
|  23|0x0000000084900000, 0x0000000084a00000, 0x0000000084a00000|100%| E|CS|TAMS 0x0000000084900000, 0x0000000084900000| Complete 
|  24|0x0000000084a00000, 0x0000000084b00000, 0x0000000084b00000|100%| E|CS|TAMS 0x0000000084a00000, 0x0000000084a00000| Complete 
|  25|0x0000000084b00000, 0x0000000084c00000, 0x0000000084c00000|100%| E|CS|TAMS 0x0000000084b00000, 0x0000000084b00000| Complete 
|  26|0x0000000084c00000, 0x0000000084d00000, 0x0000000084d00000|100%| E|CS|TAMS 0x0000000084c00000, 0x0000000084c00000| Complete 
|  27|0x0000000084d00000, 0x0000000084e00000, 0x0000000084e00000|100%| E|CS|TAMS 0x0000000084d00000, 0x0000000084d00000| Complete 
|  28|0x0000000084e00000, 0x0000000084f00000, 0x0000000084f00000|100%| E|CS|TAMS 0x0000000084e00000, 0x0000000084e00000| Complete 
|  29|0x0000000084f00000, 0x0000000085000000, 0x0000000085000000|100%| E|CS|TAMS 0x0000000084f00000, 0x0000000084f00000| Complete 
|  30|0x0000000085000000, 0x0000000085100000, 0x0000000085100000|100%| E|CS|TAMS 0x0000000085000000, 0x0000000085000000| Complete 
|  31|0x0000000085100000, 0x0000000085200000, 0x0000000085200000|100%| E|CS|TAMS 0x0000000085100000, 0x0000000085100000| Complete 
|  32|0x0000000085200000, 0x0000000085300000, 0x0000000085300000|100%| E|CS|TAMS 0x0000000085200000, 0x0000000085200000| Complete 
|  33|0x0000000085300000, 0x0000000085400000, 0x0000000085400000|100%| E|CS|TAMS 0x0000000085300000, 0x0000000085300000| Complete 
|  34|0x0000000085400000, 0x0000000085500000, 0x0000000085500000|100%| E|CS|TAMS 0x0000000085400000, 0x0000000085400000| Complete 
|  35|0x0000000085500000, 0x0000000085600000, 0x0000000085600000|100%| E|CS|TAMS 0x0000000085500000, 0x0000000085500000| Complete 
| 115|0x000000008a500000, 0x000000008a5593d0, 0x000000008a600000| 34%| E|CS|TAMS 0x000000008a500000, 0x000000008a500000| Complete 
| 116|0x000000008a600000, 0x000000008a700000, 0x000000008a700000|100%| E|CS|TAMS 0x000000008a600000, 0x000000008a600000| Complete 
| 117|0x000000008a700000, 0x000000008a800000, 0x000000008a800000|100%| E|CS|TAMS 0x000000008a700000, 0x000000008a700000| Complete 
| 118|0x000000008a800000, 0x000000008a900000, 0x000000008a900000|100%| E|CS|TAMS 0x000000008a800000, 0x000000008a800000| Complete 
| 122|0x000000008ac00000, 0x000000008ad00000, 0x000000008ad00000|100%| E|CS|TAMS 0x000000008ac00000, 0x000000008ac00000| Complete 
| 123|0x000000008ad00000, 0x000000008ae00000, 0x000000008ae00000|100%| E|CS|TAMS 0x000000008ad00000, 0x000000008ad00000| Complete 
| 124|0x000000008ae00000, 0x000000008af00000, 0x000000008af00000|100%| E|CS|TAMS 0x000000008ae00000, 0x000000008ae00000| Complete 
| 125|0x000000008af00000, 0x000000008b000000, 0x000000008b000000|100%| E|CS|TAMS 0x000000008af00000, 0x000000008af00000| Complete 

Card table byte_map: [0x0000020c535b0000,0x0000020c539a0000] _byte_map_base: 0x0000020c53197000

Marking Bits (Prev, Next): (CMBitMap*) 0x0000020c39d7cd60, (CMBitMap*) 0x0000020c39d7cd20
 Prev Bits: [0x0000020c55cd0000, 0x0000020c57c08000)
 Next Bits: [0x0000020c53d90000, 0x0000020c55cc8000)

Polling page: 0x0000020c39e10000

Metaspace:

Usage:
  Non-class:     19.26 MB capacity,    19.05 MB ( 99%) used,   185.92 KB ( <1%) free+waste,    25.31 KB ( <1%) overhead. 
      Class:      2.47 MB capacity,     2.42 MB ( 98%) used,    37.76 KB (  1%) free+waste,     9.38 KB ( <1%) overhead. 
       Both:     21.73 MB capacity,    21.47 MB ( 99%) used,   223.68 KB (  1%) free+waste,    34.69 KB ( <1%) overhead. 

Virtual space:
  Non-class space:       20.00 MB reserved,      19.42 MB ( 97%) committed 
      Class space:        1.00 GB reserved,       2.50 MB ( <1%) committed 
             Both:        1.02 GB reserved,      21.92 MB (  2%) committed 

Chunk freelists:
   Non-Class:  57.00 KB
       Class:  0 bytes
        Both:  57.00 KB

MaxMetaspaceSize: 17179869184.00 GB
CompressedClassSpaceSize: 1.00 GB

CodeHeap 'non-profiled nmethods': size=120000Kb used=882Kb max_used=882Kb free=119117Kb
 bounds [0x0000020c4b210000, 0x0000020c4b480000, 0x0000020c52740000]
CodeHeap 'profiled nmethods': size=120000Kb used=4604Kb max_used=4604Kb free=115395Kb
 bounds [0x0000020c43ce0000, 0x0000020c44160000, 0x0000020c4b210000]
CodeHeap 'non-nmethods': size=5760Kb used=1267Kb max_used=1321Kb free=4492Kb
 bounds [0x0000020c43740000, 0x0000020c439b0000, 0x0000020c43ce0000]
 total_blobs=2932 nmethods=2388 adapters=456
 compilation: enabled
              stopped_count=0, restarted_count=0
 full_count=0

Compilation events (20 events):
Event: 3.978 Thread 0x0000020c5a6f4090 2391       4       java.util.ArrayList::indexOfRange (71 bytes)
Event: 3.978 Thread 0x0000020c5a6f4a40 2400       3       com.sun.org.apache.xpath.internal.axes.WalkerFactory::analyzePredicate (73 bytes)
Event: 3.979 Thread 0x0000020c5a6f4a40 nmethod 2400 0x0000020c4415ac90 code [0x0000020c4415aea0, 0x0000020c4415b868]
Event: 3.981 Thread 0x0000020c5a6f4a40 2401       3       sun.nio.cs.DoubleByte$Decoder::decodeLoop (28 bytes)
Event: 3.981 Thread 0x0000020c5a6f4a40 nmethod 2401 0x0000020c4415bc90 code [0x0000020c4415be60, 0x0000020c4415c278]
Event: 3.982 Thread 0x0000020c5a6f4a40 2402  s    3       com.sun.org.apache.xml.internal.dtm.ref.DTMManagerDefault::getDTMHandleFromNode (247 bytes)
Event: 3.984 Thread 0x0000020c5a6f4a40 nmethod 2402 0x0000020c4415c410 code [0x0000020c4415c780, 0x0000020c4415e1c8]
Event: 3.984 Thread 0x0000020c5a6f4a40 2403       1       com.sun.org.apache.xpath.internal.objects.XObject::setObject (6 bytes)
Event: 3.984 Thread 0x0000020c5a6f4a40 nmethod 2403 0x0000020c4b2ebc10 code [0x0000020c4b2ebda0, 0x0000020c4b2ebe98]
Event: 3.984 Thread 0x0000020c5a6f4a40 2404       3       com.sun.org.apache.xpath.internal.compiler.OpMap::getFirstChildPos (4 bytes)
Event: 3.984 Thread 0x0000020c5a6f4a40 nmethod 2404 0x0000020c4415e810 code [0x0000020c4415e9a0, 0x0000020c4415ea78]
Event: 3.984 Thread 0x0000020c5a6f4090 nmethod 2391 0x0000020c4b2ebf10 code [0x0000020c4b2ec0a0, 0x0000020c4b2ec338]
Event: 3.984 Thread 0x0000020c5a6f4090 2218       4       com.sun.org.apache.xpath.internal.compiler.OpMapVector::elementAt (7 bytes)
Event: 3.985 Thread 0x0000020c5a6f4a40 2405       3       java.util.Spliterators::spliterator (25 bytes)
Event: 3.985 Thread 0x0000020c5a6f4090 nmethod 2218 0x0000020c4b2ec490 code [0x0000020c4b2ec600, 0x0000020c4b2ec698]
Event: 3.985 Thread 0x0000020c5a6f4090 2018       4       java.util.ArrayList$Itr::hasNext (20 bytes)
Event: 3.986 Thread 0x0000020c5a6f4a40 nmethod 2405 0x0000020c4415eb10 code [0x0000020c4415ece0, 0x0000020c4415f118]
Event: 3.986 Thread 0x0000020c5a6f4090 nmethod 2018 0x0000020c4b2ec790 code [0x0000020c4b2ec900, 0x0000020c4b2ec998]
Event: 3.986 Thread 0x0000020c5a6f4a40 2406       1       com.sun.org.apache.xpath.internal.axes.LocPathIterator::setIsTopLevel (6 bytes)
Event: 3.986 Thread 0x0000020c5a6f4090 2253       4       com.sun.org.apache.xerces.internal.impl.dtd.DTDGrammar::getFirstAttributeDeclIndex (20 bytes)

GC Heap History (7 events):
Event: 1.455 GC heap before
{Heap before GC invocations=0 (full 0):
 garbage-first heap   total 129024K, used 23552K [0x0000000083200000, 0x0000000100000000)
  region size 1024K, 23 young (23552K), 0 survivors (0K)
 Metaspace       used 9793K, capacity 9975K, committed 10112K, reserved 1058816K
  class space    used 1099K, capacity 1149K, committed 1152K, reserved 1048576K
}
Event: 1.461 GC heap after
{Heap after GC invocations=1 (full 0):
 garbage-first heap   total 129024K, used 5164K [0x0000000083200000, 0x0000000100000000)
  region size 1024K, 3 young (3072K), 3 survivors (3072K)
 Metaspace       used 9793K, capacity 9975K, committed 10112K, reserved 1058816K
  class space    used 1099K, capacity 1149K, committed 1152K, reserved 1048576K
}
Event: 3.256 GC heap before
{Heap before GC invocations=1 (full 0):
 garbage-first heap   total 129024K, used 30764K [0x0000000083200000, 0x0000000100000000)
  region size 1024K, 28 young (28672K), 3 survivors (3072K)
 Metaspace       used 19109K, capacity 19375K, committed 19456K, reserved 1067008K
  class space    used 2140K, capacity 2237K, committed 2304K, reserved 1048576K
}
Event: 3.264 GC heap after
{Heap after GC invocations=2 (full 0):
 garbage-first heap   total 129024K, used 8138K [0x0000000083200000, 0x0000000100000000)
  region size 1024K, 3 young (3072K), 3 survivors (3072K)
 Metaspace       used 19109K, capacity 19375K, committed 19456K, reserved 1067008K
  class space    used 2140K, capacity 2237K, committed 2304K, reserved 1048576K
}
Event: 3.496 GC heap before
{Heap before GC invocations=2 (full 0):
 garbage-first heap   total 129024K, used 14282K [0x0000000083200000, 0x0000000100000000)
  region size 1024K, 10 young (10240K), 3 survivors (3072K)
 Metaspace       used 20921K, capacity 21231K, committed 21296K, reserved 1069056K
  class space    used 2366K, capacity 2429K, committed 2432K, reserved 1048576K
}
Event: 3.502 GC heap after
{Heap after GC invocations=3 (full 0):
 garbage-first heap   total 129024K, used 8548K [0x0000000083200000, 0x0000000100000000)
  region size 1024K, 4 young (4096K), 4 survivors (4096K)
 Metaspace       used 20921K, capacity 21231K, committed 21296K, reserved 1069056K
  class space    used 2366K, capacity 2429K, committed 2432K, reserved 1048576K
}
Event: 3.986 GC heap before
{Heap before GC invocations=4 (full 0):
 garbage-first heap   total 45056K, used 43364K [0x0000000083200000, 0x0000000100000000)
  region size 1024K, 39 young (39936K), 4 survivors (4096K)
 Metaspace       used 21989K, capacity 22248K, committed 22448K, reserved 1069056K
  class space    used 2481K, capacity 2529K, committed 2560K, reserved 1048576K
}

Deoptimization events (20 events):
Event: 3.769 Thread 0x0000020c39d3ce40 Uncommon trap: trap_request=0xffffffc6 fr.pc=0x0000020c4b285b24 relative=0x00000000000007a4
Event: 3.770 Thread 0x0000020c39d3ce40 Uncommon trap: reason=bimorphic_or_optimized_type_check action=maybe_recompile pc=0x0000020c4b285b24 method=java.util.HashMap.putVal(ILjava/lang/Object;Ljava/lang/Object;ZZ)Ljava/lang/Object; @ 253 c2
Event: 3.770 Thread 0x0000020c39d3ce40 DEOPT PACKING pc=0x0000020c4b285b24 sp=0x000000d8df6fd890
Event: 3.770 Thread 0x0000020c39d3ce40 DEOPT UNPACKING pc=0x0000020c4378e42f sp=0x000000d8df6fd810 mode 2
Event: 3.771 Thread 0x0000020c39d3ce40 Uncommon trap: trap_request=0xffffffc6 fr.pc=0x0000020c4b285b24 relative=0x00000000000007a4
Event: 3.771 Thread 0x0000020c39d3ce40 Uncommon trap: reason=bimorphic_or_optimized_type_check action=maybe_recompile pc=0x0000020c4b285b24 method=java.util.HashMap.putVal(ILjava/lang/Object;Ljava/lang/Object;ZZ)Ljava/lang/Object; @ 253 c2
Event: 3.771 Thread 0x0000020c39d3ce40 DEOPT PACKING pc=0x0000020c4b285b24 sp=0x000000d8df6fd890
Event: 3.771 Thread 0x0000020c39d3ce40 DEOPT UNPACKING pc=0x0000020c4378e42f sp=0x000000d8df6fd810 mode 2
Event: 3.777 Thread 0x0000020c39d3ce40 DEOPT PACKING pc=0x0000020c440e09ee sp=0x000000d8df6fd550
Event: 3.777 Thread 0x0000020c39d3ce40 DEOPT UNPACKING pc=0x0000020c4378e23f sp=0x000000d8df6fca10 mode 0
Event: 3.829 Thread 0x0000020c39d3ce40 DEOPT PACKING pc=0x0000020c440e09ee sp=0x000000d8df6fd550
Event: 3.829 Thread 0x0000020c39d3ce40 DEOPT UNPACKING pc=0x0000020c4378e23f sp=0x000000d8df6fca10 mode 0
Event: 3.872 Thread 0x0000020c39d3ce40 DEOPT PACKING pc=0x0000020c440e09ee sp=0x000000d8df6fd550
Event: 3.872 Thread 0x0000020c39d3ce40 DEOPT UNPACKING pc=0x0000020c4378e23f sp=0x000000d8df6fca10 mode 0
Event: 3.911 Thread 0x0000020c39d3ce40 DEOPT PACKING pc=0x0000020c440e09ee sp=0x000000d8df6fd550
Event: 3.911 Thread 0x0000020c39d3ce40 DEOPT UNPACKING pc=0x0000020c4378e23f sp=0x000000d8df6fca10 mode 0
Event: 3.939 Thread 0x0000020c39d3ce40 DEOPT PACKING pc=0x0000020c440e09ee sp=0x000000d8df6fd550
Event: 3.939 Thread 0x0000020c39d3ce40 DEOPT UNPACKING pc=0x0000020c4378e23f sp=0x000000d8df6fca10 mode 0
Event: 3.961 Thread 0x0000020c39d3ce40 DEOPT PACKING pc=0x0000020c440e09ee sp=0x000000d8df6fd550
Event: 3.961 Thread 0x0000020c39d3ce40 DEOPT UNPACKING pc=0x0000020c4378e23f sp=0x000000d8df6fca10 mode 0

Classes unloaded (0 events):
No events

Classes redefined (0 events):
No events

Internal exceptions (20 events):
Event: 1.848 Thread 0x0000020c39d3ce40 Exception <a 'java/lang/ClassNotFoundException'{0x000000008a8cb618}: com/zaxxer/hikari/HikariConfigMXBeanBeanInfo> (0x000000008a8cb618) 
thrown [./open/src/hotspot/share/classfile/systemDictionary.cpp, line 295]
Event: 1.849 Thread 0x0000020c39d3ce40 Exception <a 'java/lang/ClassNotFoundException'{0x000000008a8d0b28}: com/zaxxer/hikari/HikariConfigMXBeanCustomizer> (0x000000008a8d0b28) 
thrown [./open/src/hotspot/share/classfile/systemDictionary.cpp, line 295]
Event: 1.916 Thread 0x0000020c39d3ce40 Exception <a 'java/lang/NoSuchMethodError'{0x000000008a77ad38}: 'java.lang.Object java.lang.invoke.DirectMethodHandle$Holder.invokeStaticInit(java.lang.Object, java.lang.Object, java.lang.Object)'> (0x000000008a77ad38) 
thrown [./open/src/hotspot/share/interpreter/linkResolver.cpp, line 782]
Event: 1.927 Thread 0x0000020c39d3ce40 Exception <a 'java/lang/IncompatibleClassChangeError'{0x000000008a797e60}: Found class java.lang.Object, but interface was expected> (0x000000008a797e60) 
thrown [./open/src/hotspot/share/interpreter/linkResolver.cpp, line 848]
Event: 2.100 Thread 0x0000020c39d3ce40 Exception <a 'java/lang/NoClassDefFoundError'{0x000000008a4cf5b8}: oracle/security/pki/OraclePKIProvider> (0x000000008a4cf5b8) 
thrown [./open/src/hotspot/share/classfile/systemDictionary.cpp, line 284]
Event: 2.637 Thread 0x0000020c39d3ce40 Exception <a 'java/lang/NoSuchMethodError'{0x0000000089cf3e60}: 'void java.lang.invoke.DirectMethodHandle$Holder.invokeStaticInit(java.lang.Object, java.lang.Object)'> (0x0000000089cf3e60) 
thrown [./open/src/hotspot/share/interpreter/linkResolver.cpp, line 782]
Event: 2.647 Thread 0x0000020c39d3ce40 Exception <a 'java/lang/NoSuchMethodError'{0x0000000089b215d0}: 'java.lang.Object java.lang.invoke.DirectMethodHandle$Holder.invokeStaticInit(java.lang.Object, int, int, int, int)'> (0x0000000089b215d0) 
thrown [./open/src/hotspot/share/interpreter/linkResolver.cpp, line 782]
Event: 2.756 Thread 0x0000020c39d3ce40 Exception <a 'java/lang/NoSuchMethodError'{0x0000000089bdd3d0}: 'java.lang.Object java.lang.invoke.DirectMethodHandle$Holder.invokeStaticInit(java.lang.Object, java.lang.Object, int, int, int, int)'> (0x0000000089bdd3d0) 
thrown [./open/src/hotspot/share/interpreter/linkResolver.cpp, line 782]
Event: 2.789 Thread 0x0000020c39d3ce40 Exception <a 'sun/nio/fs/WindowsException'{0x0000000089a9b300}> (0x0000000089a9b300) 
thrown [./open/src/hotspot/share/prims/jni.cpp, line 578]
Event: 3.237 Thread 0x0000020c39d3ce40 Exception <a 'java/lang/AbstractMethodError'{0x000000008941b980}: Receiver class net.sf.log4jdbc.sql.jdbcapi.ConnectionSpy does not define or inherit an implementation of the resolved method 'abstract int getNetworkTimeout()' of interface java.sql.Connection.> (0x000000008941b980) 
thrown [./open/src/hotspot/share/interpreter/linkResolver.cpp, line 1837]
Event: 3.266 Thread 0x0000020c39d3ce40 Exception <a 'java/lang/ClassNotFoundException'{0x000000008af04be8}: org/mybatis/spring/SqlSessionFactoryBeanBeanInfo> (0x000000008af04be8) 
thrown [./open/src/hotspot/share/classfile/systemDictionary.cpp, line 295]
Event: 3.266 Thread 0x0000020c39d3ce40 Exception <a 'java/lang/ClassNotFoundException'{0x000000008af0a238}: org/mybatis/spring/SqlSessionFactoryBeanCustomizer> (0x000000008af0a238) 
thrown [./open/src/hotspot/share/classfile/systemDictionary.cpp, line 295]
Event: 3.272 Thread 0x0000020c39d3ce40 Exception <a 'java/lang/ClassNotFoundException'{0x000000008af52b78}: org/springframework/beans/factory/FactoryBeanBeanInfo> (0x000000008af52b78) 
thrown [./open/src/hotspot/share/classfile/systemDictionary.cpp, line 295]
Event: 3.272 Thread 0x0000020c39d3ce40 Exception <a 'java/lang/ClassNotFoundException'{0x000000008af58350}: org/springframework/beans/factory/FactoryBeanCustomizer> (0x000000008af58350) 
thrown [./open/src/hotspot/share/classfile/systemDictionary.cpp, line 295]
Event: 3.278 Thread 0x0000020c39d3ce40 Exception <a 'java/lang/ClassNotFoundException'{0x000000008af72b58}: org/springframework/context/ApplicationListenerBeanInfo> (0x000000008af72b58) 
thrown [./open/src/hotspot/share/classfile/systemDictionary.cpp, line 295]
Event: 3.279 Thread 0x0000020c39d3ce40 Exception <a 'java/lang/ClassNotFoundException'{0x000000008af783a8}: org/springframework/context/ApplicationListenerCustomizer> (0x000000008af783a8) 
thrown [./open/src/hotspot/share/classfile/systemDictionary.cpp, line 295]
Event: 3.282 Thread 0x0000020c39d3ce40 Exception <a 'java/lang/ClassNotFoundException'{0x000000008af7fd40}: java/util/EventListenerBeanInfo> (0x000000008af7fd40) 
thrown [./open/src/hotspot/share/classfile/systemDictionary.cpp, line 295]
Event: 3.282 Thread 0x0000020c39d3ce40 Exception <a 'java/lang/ClassNotFoundException'{0x000000008aff8a40}: java/util/EventListenerCustomizer> (0x000000008aff8a40) 
thrown [./open/src/hotspot/share/classfile/systemDictionary.cpp, line 295]
Event: 3.670 Thread 0x0000020c39d3ce40 Exception <a 'java/lang/NoSuchMethodError'{0x00000000852a6060}: 'int java.lang.invoke.Invokers$Holder.invokeExact_MT(java.lang.Object, java.lang.Object, java.lang.Object)'> (0x00000000852a6060) 
thrown [./open/src/hotspot/share/interpreter/linkResolver.cpp, line 782]
Event: 3.731 Thread 0x0000020c39d3ce40 Exception <a 'java/lang/NoSuchMethodError'{0x000000008505c228}: 'void java.lang.invoke.DirectMethodHandle$Holder.invokeSpecial(java.lang.Object, java.lang.Object, java.lang.Object, java.lang.Object, java.lang.Object, java.lang.Object)'> (0x000000008505c228) 
thrown [./open/src/hotspot/share/interpreter/linkResolver.cpp, line 782]

Events (20 events):
Event: 3.554 loading class com/sun/org/apache/xpath/internal/axes/HasPositionalPredChecker done
Event: 3.555 loading class com/sun/org/apache/xpath/internal/axes/UnionChildIterator
Event: 3.555 loading class com/sun/org/apache/xpath/internal/axes/UnionChildIterator done
Event: 3.607 loading class java/io/Console
Event: 3.608 loading class java/io/Console done
Event: 3.629 loading class java/math/MathContext
Event: 3.630 loading class java/math/MathContext done
Event: 3.719 loading class sun/reflect/annotation/AnnotationSupport
Event: 3.719 loading class sun/reflect/annotation/AnnotationSupport done
Event: 3.719 loading class java/lang/annotation/Repeatable
Event: 3.720 loading class java/lang/annotation/Repeatable done
Event: 3.735 loading class java/util/LinkedList$ListItr
Event: 3.736 loading class java/util/LinkedList$ListItr done
Event: 3.919 loading class com/sun/org/apache/xerces/internal/dom/DeferredCDATASectionImpl
Event: 3.919 loading class com/sun/org/apache/xerces/internal/dom/CDATASectionImpl
Event: 3.919 loading class org/w3c/dom/CDATASection
Event: 3.919 loading class org/w3c/dom/CDATASection done
Event: 3.919 loading class com/sun/org/apache/xerces/internal/dom/CDATASectionImpl done
Event: 3.919 loading class com/sun/org/apache/xerces/internal/dom/DeferredCDATASectionImpl done
Event: 3.986 Executing VM operation: G1CollectForAllocation


Dynamic libraries:
0x00007ff6ca8a0000 - 0x00007ff6ca8af000 	C:\Java\jdk-15\bin\javaw.exe
0x00007ff97f6f0000 - 0x00007ff97f8e8000 	C:\WINDOWS\SYSTEM32\ntdll.dll
0x00007ff97eef0000 - 0x00007ff97efad000 	C:\WINDOWS\System32\KERNEL32.DLL
0x00007ff97d180000 - 0x00007ff97d44e000 	C:\WINDOWS\System32\KERNELBASE.dll
0x00007ff97cf50000 - 0x00007ff97d050000 	C:\WINDOWS\System32\ucrtbase.dll
0x00007ff971230000 - 0x00007ff971248000 	C:\Java\jdk-15\bin\jli.dll
0x00007ff976d10000 - 0x00007ff976d29000 	C:\Java\jdk-15\bin\VCRUNTIME140.dll
0x00007ff97e760000 - 0x00007ff97e80e000 	C:\WINDOWS\System32\ADVAPI32.dll
0x00007ff97d7d0000 - 0x00007ff97d86e000 	C:\WINDOWS\System32\msvcrt.dll
0x00007ff97e810000 - 0x00007ff97e8ac000 	C:\WINDOWS\System32\sechost.dll
0x00007ff97f550000 - 0x00007ff97f675000 	C:\WINDOWS\System32\RPCRT4.dll
0x00007ff97e490000 - 0x00007ff97e630000 	C:\WINDOWS\System32\USER32.dll
0x00007ff97ce10000 - 0x00007ff97ce32000 	C:\WINDOWS\System32\win32u.dll
0x00007ff97f680000 - 0x00007ff97f6aa000 	C:\WINDOWS\System32\GDI32.dll
0x00007ff97ce40000 - 0x00007ff97cf4b000 	C:\WINDOWS\System32\gdi32full.dll
0x00007ff959c50000 - 0x00007ff959eea000 	C:\WINDOWS\WinSxS\amd64_microsoft.windows.common-controls_6595b64144ccf1df_6.0.19041.1110_none_60b5254171f9507e\COMCTL32.dll
0x00007ff97d050000 - 0x00007ff97d0ed000 	C:\WINDOWS\System32\msvcp_win.dll
0x00007ff975d90000 - 0x00007ff975d9a000 	C:\WINDOWS\SYSTEM32\VERSION.dll
0x00007ff97eec0000 - 0x00007ff97eef0000 	C:\WINDOWS\System32\IMM32.DLL
0x00007ff9781b0000 - 0x00007ff9781bc000 	C:\Java\jdk-15\bin\vcruntime140_1.dll
0x00007ff96f830000 - 0x00007ff96f8c1000 	C:\Java\jdk-15\bin\msvcp140.dll
0x00007ff938dd0000 - 0x00007ff93992e000 	C:\Java\jdk-15\bin\server\jvm.dll
0x00007ff97f270000 - 0x00007ff97f278000 	C:\WINDOWS\System32\PSAPI.DLL
0x00007ff962690000 - 0x00007ff962699000 	C:\WINDOWS\SYSTEM32\WSOCK32.dll
0x00007ff9677f0000 - 0x00007ff967817000 	C:\WINDOWS\SYSTEM32\WINMM.dll
0x00007ff97efb0000 - 0x00007ff97f01b000 	C:\WINDOWS\System32\WS2_32.dll
0x00007ff97b6a0000 - 0x00007ff97b6b2000 	C:\WINDOWS\SYSTEM32\kernel.appcore.dll
0x00007ff9746a0000 - 0x00007ff9746aa000 	C:\Java\jdk-15\bin\jimage.dll
0x00007ff97abf0000 - 0x00007ff97add4000 	C:\WINDOWS\SYSTEM32\DBGHELP.DLL
0x00007ff978260000 - 0x00007ff97828c000 	C:\WINDOWS\SYSTEM32\dbgcore.DLL
0x00007ff97d0f0000 - 0x00007ff97d172000 	C:\WINDOWS\System32\bcryptPrimitives.dll
0x00007ff974610000 - 0x00007ff974635000 	C:\Java\jdk-15\bin\java.dll
0x00007ff97dce0000 - 0x00007ff97e424000 	C:\WINDOWS\System32\SHELL32.dll
0x00007ff97aef0000 - 0x00007ff97b684000 	C:\WINDOWS\SYSTEM32\windows.storage.dll
0x00007ff97ea80000 - 0x00007ff97edd4000 	C:\WINDOWS\System32\combase.dll
0x00007ff97c7a0000 - 0x00007ff97c7d0000 	C:\WINDOWS\SYSTEM32\Wldp.dll
0x00007ff97e8b0000 - 0x00007ff97e95d000 	C:\WINDOWS\System32\SHCORE.dll
0x00007ff97f210000 - 0x00007ff97f265000 	C:\WINDOWS\System32\shlwapi.dll
0x00007ff97cd50000 - 0x00007ff97cd6f000 	C:\WINDOWS\SYSTEM32\profapi.dll
0x00007ff9571f0000 - 0x00007ff957209000 	C:\Java\jdk-15\bin\net.dll
0x00007ff977770000 - 0x00007ff97787a000 	C:\WINDOWS\SYSTEM32\WINHTTP.dll
0x00007ff97c500000 - 0x00007ff97c56a000 	C:\WINDOWS\system32\mswsock.dll
0x00007ff956420000 - 0x00007ff956432000 	C:\Java\jdk-15\bin\nio.dll
0x00007ff9698a0000 - 0x00007ff9698b8000 	C:\Java\jdk-15\bin\zip.dll
0x00007ff97c1f0000 - 0x00007ff97c22b000 	C:\WINDOWS\SYSTEM32\IPHLPAPI.DLL
0x00007ff97f110000 - 0x00007ff97f118000 	C:\WINDOWS\System32\NSI.dll
0x00007ff973100000 - 0x00007ff973117000 	C:\WINDOWS\SYSTEM32\dhcpcsvc6.DLL
0x00007ff974000000 - 0x00007ff97401d000 	C:\WINDOWS\SYSTEM32\dhcpcsvc.DLL
0x00007ff97c230000 - 0x00007ff97c2fb000 	C:\WINDOWS\SYSTEM32\DNSAPI.dll
0x00007ff971220000 - 0x00007ff971230000 	C:\Java\jdk-15\bin\verify.dll
0x00007ff976870000 - 0x00007ff976879000 	C:\Java\jdk-15\bin\management.dll
0x00007ff974420000 - 0x00007ff97442b000 	C:\Java\jdk-15\bin\management_ext.dll
0x00007ff96b750000 - 0x00007ff96b75a000 	C:\Windows\System32\rasadhlp.dll
0x00007ff96c1f0000 - 0x00007ff96c270000 	C:\WINDOWS\System32\fwpuclnt.dll
0x00007ff97d720000 - 0x00007ff97d747000 	C:\WINDOWS\System32\bcrypt.dll
0x00007ff97c700000 - 0x00007ff97c718000 	C:\WINDOWS\SYSTEM32\CRYPTSP.dll
0x00007ff97be80000 - 0x00007ff97beb4000 	C:\WINDOWS\system32\rsaenh.dll
0x00007ff97cd10000 - 0x00007ff97cd3e000 	C:\WINDOWS\SYSTEM32\USERENV.dll
0x00007ff97c6f0000 - 0x00007ff97c6fc000 	C:\WINDOWS\SYSTEM32\CRYPTBASE.dll
0x00007ff965b00000 - 0x00007ff965b0d000 	C:\Java\jdk-15\bin\sunmscapi.dll
0x00007ff97d510000 - 0x00007ff97d666000 	C:\WINDOWS\System32\CRYPT32.dll
0x00007ff97c810000 - 0x00007ff97c837000 	C:\WINDOWS\SYSTEM32\ncrypt.dll
0x00007ff97c7d0000 - 0x00007ff97c80b000 	C:\WINDOWS\SYSTEM32\NTASN1.dll
0x00007ff959f30000 - 0x00007ff959f47000 	C:\WINDOWS\system32\napinsp.dll
0x00007ff959f10000 - 0x00007ff959f2b000 	C:\WINDOWS\system32\pnrpnsp.dll
0x00007ff9771c0000 - 0x00007ff9771d5000 	C:\WINDOWS\system32\wshbth.dll
0x00007ff977ee0000 - 0x00007ff977efd000 	C:\WINDOWS\system32\NLAapi.dll
0x00007ff959ef0000 - 0x00007ff959f02000 	C:\WINDOWS\System32\winrnr.dll

dbghelp: loaded successfully - version: 4.0.5 - missing functions: none
symbol engine: initialized successfully - sym options: 0x614 - pdb path: .;C:\Java\jdk-15\bin;C:\WINDOWS\SYSTEM32;C:\WINDOWS\WinSxS\amd64_microsoft.windows.common-controls_6595b64144ccf1df_6.0.19041.1110_none_60b5254171f9507e;C:\Java\jdk-15\bin\server

VM Arguments:
jvm_args: -ea -Dfile.encoding=MS949 -XX:+ShowCodeDetailsInExceptionMessages 
java_command: org.eclipse.jdt.internal.junit.runner.RemoteTestRunner -version 3 -port 63834 -testLoaderClass org.eclipse.jdt.internal.junit4.runner.JUnit4TestLoader -loaderpluginname org.eclipse.jdt.junit4.runtime -classNames com.dosirak31.login.client.dao.test
java_class_path (initial): C:\git\dosirak_31\Dosirak31\target\test-classes;C:\git\dosirak_31\Dosirak31\target\classes;C:\Users\songhk\.m2\repository\org\springframework\spring-context\5.3.18\spring-context-5.3.18.jar;C:\Users\songhk\.m2\repository\org\springframework\spring-aop\5.3.18\spring-aop-5.3.18.jar;C:\Users\songhk\.m2\repository\org\springframework\spring-beans\5.3.18\spring-beans-5.3.18.jar;C:\Users\songhk\.m2\repository\org\springframework\spring-core\5.3.18\spring-core-5.3.18.jar;C:\Users\songhk\.m2\repository\org\springframework\spring-jcl\5.3.18\spring-jcl-5.3.18.jar;C:\Users\songhk\.m2\repository\org\springframework\spring-expression\5.3.18\spring-expression-5.3.18.jar;C:\Users\songhk\.m2\repository\org\springframework\spring-webmvc\5.3.18\spring-webmvc-5.3.18.jar;C:\Users\songhk\.m2\repository\org\springframework\spring-web\5.3.18\spring-web-5.3.18.jar;C:\Users\songhk\.m2\repository\org\springframework\spring-tx\5.3.18\spring-tx-5.3.18.jar;C:\Users\songhk\.m2\repository\org\springframework\spring-jdbc\5.3.18\spring-jdbc-5.3.18.jar;C:\Users\songhk\.m2\repository\org\springframework\spring-test\5.3.18\spring-test-5.3.18.jar;C:\Users\songhk\.m2\repository\org\projectlombok\lombok\1.18.24\lombok-1.18.24.jar;C:\Users\songhk\.m2\repository\com\fasterxml\jackson\core\jackson-databind\2.13.3\jackson-databind-2.13.3.jar;C:\Users\songhk\.m2\repository\com\fasterxml\jackson\core\jackson-annotations\2.13.3\jackson-annotations-2.13.3.jar;C:\Users\songhk\.m2\repository\com\fasterxml\jackson\core\jackson-core\2.13.3\jackson-core-2.13.3.jar;C:\Users\songhk\.m2\repository\com\fasterxml\jackson\dataformat\jackson-dataformat-xml\2.13.3\jackson-dataformat-xml-2.13.3.jar;C:\Users\songhk\.m2\repository\org\codehaus\woodstox\stax2-api\4.2.1\stax2-api-4.2.1.jar;C:\Users\songhk\.m2\repository\com\fasterxml\woodstox\woodstox-core\6.2.7\woodstox-core-6.2.7.jar;C:\Users\songhk\.m2\repository\com\zaxxer\HikariCP\5.0.1\HikariCP-5.0.1.jar;C:\Users\songhk\.m2\repository\com\oracle
Launcher Type: SUN_STANDARD

[Global flags]
     intx CICompilerCount                          = 4                                         {product} {ergonomic}
     uint ConcGCThreads                            = 2                                         {product} {ergonomic}
     uint G1ConcRefinementThreads                  = 8                                         {product} {ergonomic}
   size_t G1HeapRegionSize                         = 1048576                                   {product} {ergonomic}
    uintx GCDrainStackTargetSize                   = 64                                        {product} {ergonomic}
   size_t InitialHeapSize                          = 132120576                                 {product} {ergonomic}
   size_t MarkStackSize                            = 4194304                                   {product} {ergonomic}
   size_t MaxHeapSize                              = 2095054848                                {product} {ergonomic}
   size_t MaxNewSize                               = 1256194048                                {product} {ergonomic}
   size_t MinHeapDeltaBytes                        = 1048576                                   {product} {ergonomic}
   size_t MinHeapSize                              = 8388608                                   {product} {ergonomic}
    uintx NonNMethodCodeHeapSize                   = 5839372                                {pd product} {ergonomic}
    uintx NonProfiledCodeHeapSize                  = 122909434                              {pd product} {ergonomic}
    uintx ProfiledCodeHeapSize                     = 122909434                              {pd product} {ergonomic}
    uintx ReservedCodeCacheSize                    = 251658240                              {pd product} {ergonomic}
     bool SegmentedCodeCache                       = true                                      {product} {ergonomic}
     bool ShowCodeDetailsInExceptionMessages       = true                                   {manageable} {command line}
   size_t SoftMaxHeapSize                          = 2095054848                             {manageable} {ergonomic}
     bool UseCompressedClassPointers               = true                                 {lp64_product} {ergonomic}
     bool UseCompressedOops                        = true                                 {lp64_product} {ergonomic}
     bool UseG1GC                                  = true                                      {product} {ergonomic}
     bool UseLargePagesIndividualAllocation        = false                                  {pd product} {ergonomic}

Logging:
Log output configuration:
 #0: stdout all=warning uptime,level,tags
 #1: stderr all=off uptime,level,tags

Environment Variables:
JAVA_HOME=C:\Java\jdk-15
PATH=C:/Java/jdk-15/bin/server;C:/Java/jdk-15/bin;C:\app\songhk\product\18.0.0\dbhomeXE\bin;C:\Java\jdk-15\bin;C:\apache-maven-3.6.3\bin;C:\WINDOWS\system32;C:\WINDOWS;C:\WINDOWS\System32\Wbem;C:\WINDOWS\System32\WindowsPowerShell\v1.0\;C:\WINDOWS\System32\OpenSSH\;C:\Program Files\Git\cmd;C:\Program Files\Bandizip\;C:\Java\jdk-15\bin;C:\Users\eclipse;
USERNAME=songhk
OS=Windows_NT
PROCESSOR_IDENTIFIER=Intel64 Family 6 Model 142 Stepping 11, GenuineIntel



---------------  S Y S T E M  ---------------

OS:
 Windows 10 , 64 bit Build 19041 (10.0.19041.1806)
OS uptime: 3 days 5:07 hours

CPU: total 8 (initial active 8) (4 cores per cpu, 2 threads per core) family 6 model 142 stepping 11 microcode 0xae, cmov, cx8, fxsr, mmx, sse, sse2, sse3, ssse3, sse4.1, sse4.2, popcnt, vzeroupper, avx, avx2, aes, clmul, erms, 3dnowpref, lzcnt, ht, tsc, tscinvbit, bmi1, bmi2, adx, fma, clflush, clflushopt

Memory: 4k page, system-wide physical 7986M (261M free)
TotalPageFile size 13734M (AvailPageFile size 1M)
current process WorkingSet (physical memory assigned to process): 130M, peak: 130M
current process commit charge ("private bytes"): 171M, peak: 255M

vm_info: Java HotSpot(TM) 64-Bit Server VM (15.0.2+7-27) for windows-amd64 JRE (15.0.2+7-27), built on Dec  7 2020 20:07:01 by "mach5one" with unknown MS VC++:1925

END.
